<?xml version="1.0" encoding="UTF-8"?>
<testsuite name="ru.stqa.pft.addressbook.tests.GroupCreationTests" tests="20" skipped="0" failures="0" errors="0" timestamp="2020-01-12T20:31:12" hostname="MasterPC" time="83.136">
  <properties/>
  <testcase name="testGroupCreation[0](GroupData{id='2147483647', name='test 0'})" classname="ru.stqa.pft.addressbook.tests.GroupCreationTests" time="5.735"/>
  <testcase name="testGroupCreation[1](GroupData{id='2147483647', name='test 1'})" classname="ru.stqa.pft.addressbook.tests.GroupCreationTests" time="3.581"/>
  <testcase name="testGroupCreation[2](GroupData{id='2147483647', name='test 2'})" classname="ru.stqa.pft.addressbook.tests.GroupCreationTests" time="3.494"/>
  <testcase name="testGroupCreation[3](GroupData{id='2147483647', name='test 3'})" classname="ru.stqa.pft.addressbook.tests.GroupCreationTests" time="3.376"/>
  <testcase name="testGroupCreation[4](GroupData{id='2147483647', name='test 4'})" classname="ru.stqa.pft.addressbook.tests.GroupCreationTests" time="3.489"/>
  <testcase name="testGroupCreation[5](GroupData{id='2147483647', name='test 5'})" classname="ru.stqa.pft.addressbook.tests.GroupCreationTests" time="3.637"/>
  <testcase name="testGroupCreation[6](GroupData{id='2147483647', name='test 6'})" classname="ru.stqa.pft.addressbook.tests.GroupCreationTests" time="3.677"/>
  <testcase name="testGroupCreation[7](GroupData{id='2147483647', name='test 7'})" classname="ru.stqa.pft.addressbook.tests.GroupCreationTests" time="3.864"/>
  <testcase name="testGroupCreation[8](GroupData{id='2147483647', name='test 8'})" classname="ru.stqa.pft.addressbook.tests.GroupCreationTests" time="3.676"/>
  <testcase name="testGroupCreation[9](GroupData{id='2147483647', name='test 9'})" classname="ru.stqa.pft.addressbook.tests.GroupCreationTests" time="3.831"/>
  <testcase name="testGroupCreation[10](GroupData{id='2147483647', name='test 10'})" classname="ru.stqa.pft.addressbook.tests.GroupCreationTests" time="4.035"/>
  <testcase name="testGroupCreation[11](GroupData{id='2147483647', name='test 11'})" classname="ru.stqa.pft.addressbook.tests.GroupCreationTests" time="4.158"/>
  <testcase name="testGroupCreation[12](GroupData{id='2147483647', name='test 12'})" classname="ru.stqa.pft.addressbook.tests.GroupCreationTests" time="4.067"/>
  <testcase name="testGroupCreation[13](GroupData{id='2147483647', name='test 13'})" classname="ru.stqa.pft.addressbook.tests.GroupCreationTests" time="4.261"/>
  <testcase name="testGroupCreation[14](GroupData{id='2147483647', name='test 14'})" classname="ru.stqa.pft.addressbook.tests.GroupCreationTests" time="4.515"/>
  <testcase name="testGroupCreation[15](GroupData{id='2147483647', name='test 15'})" classname="ru.stqa.pft.addressbook.tests.GroupCreationTests" time="4.578"/>
  <testcase name="testGroupCreation[16](GroupData{id='2147483647', name='test 16'})" classname="ru.stqa.pft.addressbook.tests.GroupCreationTests" time="4.671"/>
  <testcase name="testGroupCreation[17](GroupData{id='2147483647', name='test 17'})" classname="ru.stqa.pft.addressbook.tests.GroupCreationTests" time="4.695"/>
  <testcase name="testGroupCreation[18](GroupData{id='2147483647', name='test 18'})" classname="ru.stqa.pft.addressbook.tests.GroupCreationTests" time="4.741"/>
  <testcase name="testGroupCreation[19](GroupData{id='2147483647', name='test 19'})" classname="ru.stqa.pft.addressbook.tests.GroupCreationTests" time="5.044"/>
  <system-out><![CDATA[]]></system-out>
  <system-err><![CDATA[]]></system-err>
</testsuite>
