<?xml version="1.0" encoding="UTF-8"?>
<testsuite name="ru.stqa.pft.addressbook.tests.HbConnectionTest" tests="1" skipped="0" failures="0" errors="0" timestamp="2020-01-13T20:46:45" hostname="MasterPC" time="0.895">
  <properties/>
  <testcase name="testHbConnection" classname="ru.stqa.pft.addressbook.tests.HbConnectionTest" time="0.895"/>
  <system-out><![CDATA[15:46:43.228 [Test worker] INFO  org.hibernate.Version - HHH000412: Hibernate Core {6.0.0.Alpha4}
15:46:43.943 [Test worker] INFO  o.h.annotations.common.Version - HCANN000001: Hibernate Commons Annotations {5.1.0.Final}
15:46:44.134 [Test worker] WARN  o.hibernate.orm.connections.pooling - HHH10001002: Using Hibernate built-in connection pool (not for production use!)
15:46:44.150 [Test worker] INFO  o.hibernate.orm.connections.pooling - HHH10001005: using driver [com.mysql.cj.jdbc.Driver] at URL [jdbc:mysql://localhost:3306/addressbook]
15:46:44.151 [Test worker] INFO  o.hibernate.orm.connections.pooling - HHH10001001: Connection properties: {password=, user=root}
15:46:44.151 [Test worker] INFO  o.hibernate.orm.connections.pooling - HHH10001003: Autocommit mode: false
15:46:44.158 [Test worker] INFO  o.h.e.j.c.i.DriverManagerConnectionProviderImpl - HHH000115: Hibernate connection pool size: 1 (min=1)
15:46:44.467 [Test worker] INFO  org.hibernate.dialect.Dialect - HHH000400: Using dialect: org.hibernate.dialect.MySQL5Dialect
15:46:45.631 [Test worker] INFO  org.hibernate.orm.connections.access - HHH10001501: Connection obtained from JdbcConnectionAccess [org.hibernate.engine.jdbc.env.internal.JdbcEnvironmentInitiator$ConnectionProviderJdbcConnectionAccess@361648ee] for (non-JTA) DDL execution was not in auto-commit mode; the Connection 'local transaction' will be committed and the Connection will be set into auto-commit mode.
15:46:45.800 [Test worker] INFO  o.h.e.t.j.p.i.JtaPlatformInitiator - HHH000490: Using JtaPlatform implementation: [org.hibernate.engine.transaction.jta.platform.internal.NoJtaPlatform]
Hibernate: select g1_0.group_id, g1_0.group_footer, g1_0.group_header, g1_0.group_name from group_list as g1_0
GroupData{id='19', name='19'}
GroupData{id='20', name='20'}
GroupData{id='25', name='Test 1'}
GroupData{id='27', name='Test 1'}
GroupData{id='30', name='test2'}
GroupData{id='31', name='test1'}
GroupData{id='32', name='test2'}
GroupData{id='33', name='test3'}
GroupData{id='34', name='test 1'}
GroupData{id='35', name='test 2'}
GroupData{id='36', name='test 3'}
GroupData{id='37', name='test 1'}
GroupData{id='38', name='test 2'}
GroupData{id='39', name='test 3'}
GroupData{id='40', name='test 0'}
GroupData{id='41', name='test 1'}
GroupData{id='42', name='test 2'}
GroupData{id='43', name='test 3'}
GroupData{id='44', name='test 4'}
GroupData{id='45', name='test 5'}
GroupData{id='46', name='test 6'}
GroupData{id='47', name='test 7'}
GroupData{id='48', name='test 8'}
GroupData{id='49', name='test 9'}
GroupData{id='50', name='test 10'}
GroupData{id='51', name='test 11'}
GroupData{id='52', name='test 12'}
GroupData{id='53', name='test 13'}
GroupData{id='54', name='test 14'}
GroupData{id='55', name='test 15'}
GroupData{id='56', name='test 16'}
GroupData{id='57', name='test 17'}
GroupData{id='58', name='test 18'}
GroupData{id='59', name='test 19'}
GroupData{id='60', name='test 0'}
GroupData{id='61', name='test 1'}
GroupData{id='62', name='test 2'}
GroupData{id='63', name='test 3'}
GroupData{id='64', name='test 4'}
GroupData{id='65', name='test 5'}
GroupData{id='66', name='test 6'}
GroupData{id='67', name='test 7'}
GroupData{id='68', name='test 8'}
GroupData{id='69', name='test 9'}
GroupData{id='70', name='test 10'}
GroupData{id='71', name='test 11'}
GroupData{id='72', name='test 12'}
GroupData{id='73', name='test 13'}
GroupData{id='74', name='test 14'}
GroupData{id='75', name='test 15'}
GroupData{id='76', name='test 16'}
GroupData{id='77', name='test 17'}
GroupData{id='78', name='test 18'}
GroupData{id='79', name='test 19'}
GroupData{id='80', name='test 0'}
GroupData{id='81', name='test 1'}
GroupData{id='82', name='test 2'}
GroupData{id='83', name='test 3'}
GroupData{id='84', name='test 4'}
GroupData{id='85', name='test 5'}
GroupData{id='86', name='test 6'}
GroupData{id='87', name='test 7'}
GroupData{id='88', name='test 8'}
GroupData{id='89', name='test 9'}
GroupData{id='90', name='test 10'}
GroupData{id='91', name='test 11'}
GroupData{id='92', name='test 12'}
GroupData{id='93', name='test 13'}
GroupData{id='94', name='test 14'}
GroupData{id='95', name='test 15'}
GroupData{id='96', name='test 16'}
GroupData{id='97', name='test 17'}
GroupData{id='98', name='test 18'}
GroupData{id='99', name='test 19'}
GroupData{id='100', name='test 0'}
GroupData{id='101', name='test 1'}
GroupData{id='102', name='test 2'}
GroupData{id='103', name='test 3'}
GroupData{id='104', name='test 4'}
GroupData{id='105', name='test 5'}
GroupData{id='106', name='test 6'}
GroupData{id='107', name='test 7'}
GroupData{id='108', name='test 8'}
GroupData{id='109', name='test 9'}
GroupData{id='110', name='test 10'}
GroupData{id='111', name='test 11'}
GroupData{id='112', name='test 12'}
GroupData{id='113', name='test 13'}
GroupData{id='114', name='test 14'}
GroupData{id='115', name='test 15'}
GroupData{id='116', name='test 16'}
GroupData{id='117', name='test 17'}
GroupData{id='118', name='test 18'}
GroupData{id='119', name='test 19'}
]]></system-out>
  <system-err><![CDATA[]]></system-err>
</testsuite>
